0 info it worked if it ends with ok
1 verbose cli [ 'node', '/usr/local/bin/npm', 'install', 'notify.watch' ]
2 info using npm@2.11.3
3 info using node@v0.12.7
4 verbose install initial load of /Users/uralozden/Works/loreal/portal/html/_app/package.json
5 warn package.json lorealit@1.0.0 No repository field.
6 warn package.json lorealit@1.0.0 No README data
7 verbose installManyTop reading scoped package data from /Users/uralozden/Works/loreal/portal/html/_app/node_modules/grunt/package.json
8 verbose installManyTop reading scoped package data from /Users/uralozden/Works/loreal/portal/html/_app/node_modules/grunt-contrib-concat/package.json
9 verbose installManyTop reading scoped package data from /Users/uralozden/Works/loreal/portal/html/_app/node_modules/grunt-contrib-copy/package.json
10 verbose installManyTop reading scoped package data from /Users/uralozden/Works/loreal/portal/html/_app/node_modules/grunt-contrib-less/package.json
11 verbose installManyTop reading scoped package data from /Users/uralozden/Works/loreal/portal/html/_app/node_modules/grunt-contrib-uglify/package.json
12 verbose installManyTop reading scoped package data from /Users/uralozden/Works/loreal/portal/html/_app/node_modules/grunt-contrib-watch/package.json
13 verbose installManyTop reading scoped package data from /Users/uralozden/Works/loreal/portal/html/_app/node_modules/grunt-notify/package.json
14 verbose installManyTop reading scoped package data from /Users/uralozden/Works/loreal/portal/html/_app/node_modules/grunt-sync-pkg/package.json
15 info package.json grunt@0.4.5 No license field.
16 info package.json grunt-contrib-concat@0.5.1 No license field.
17 info package.json grunt-contrib-less@1.0.1 No license field.
18 info package.json grunt-contrib-watch@0.6.1 No license field.
19 info package.json grunt-notify@0.4.1 No license field.
20 info package.json grunt-sync-pkg@0.1.2 No license field.
21 verbose readDependencies loading dependencies from /Users/uralozden/Works/loreal/portal/html/_app/package.json
22 silly cache add args [ 'notify.watch', null ]
23 verbose cache add spec notify.watch
24 silly cache add parsed spec { raw: 'notify.watch',
24 silly cache add   scope: null,
24 silly cache add   name: 'notify.watch',
24 silly cache add   rawSpec: '',
24 silly cache add   spec: '*',
24 silly cache add   type: 'range' }
25 silly addNamed notify.watch@*
26 verbose addNamed "*" is a valid semver range for notify.watch
27 silly addNameRange { name: 'notify.watch', range: '*', hasData: false }
28 silly mapToRegistry name notify.watch
29 silly mapToRegistry using default registry
30 silly mapToRegistry registry https://registry.npmjs.org/
31 silly mapToRegistry uri https://registry.npmjs.org/notify.watch
32 verbose addNameRange registry:https://registry.npmjs.org/notify.watch not in flight; fetching
33 verbose request uri https://registry.npmjs.org/notify.watch
34 verbose request no auth needed
35 info attempt registry request try #1 at 12:44:55 PM
36 verbose request id def91fe3e0709142
37 http request GET https://registry.npmjs.org/notify.watch
38 http 404 https://registry.npmjs.org/notify.watch
39 verbose headers { 'content-type': 'application/json',
39 verbose headers   'cache-control': 'max-age=0',
39 verbose headers   'content-length': '2',
39 verbose headers   'accept-ranges': 'bytes',
39 verbose headers   date: 'Fri, 09 Oct 2015 09:44:55 GMT',
39 verbose headers   via: '1.1 varnish',
39 verbose headers   age: '0',
39 verbose headers   connection: 'keep-alive',
39 verbose headers   'x-served-by': 'cache-fra1227-FRA',
39 verbose headers   'x-cache': 'MISS',
39 verbose headers   'x-cache-hits': '0',
39 verbose headers   'x-timer': 'S1444383895.622142,VS0,VE184' }
40 silly get cb [ 404,
40 silly get   { 'content-type': 'application/json',
40 silly get     'cache-control': 'max-age=0',
40 silly get     'content-length': '2',
40 silly get     'accept-ranges': 'bytes',
40 silly get     date: 'Fri, 09 Oct 2015 09:44:55 GMT',
40 silly get     via: '1.1 varnish',
40 silly get     age: '0',
40 silly get     connection: 'keep-alive',
40 silly get     'x-served-by': 'cache-fra1227-FRA',
40 silly get     'x-cache': 'MISS',
40 silly get     'x-cache-hits': '0',
40 silly get     'x-timer': 'S1444383895.622142,VS0,VE184' } ]
41 verbose stack Error: Registry returned 404 for GET on https://registry.npmjs.org/notify.watch
41 verbose stack     at CachingRegistryClient.<anonymous> (/usr/local/lib/node_modules/npm/node_modules/npm-registry-client/lib/request.js:239:14)
41 verbose stack     at Request._callback (/usr/local/lib/node_modules/npm/node_modules/npm-registry-client/lib/request.js:170:14)
41 verbose stack     at Request.self.callback (/usr/local/lib/node_modules/npm/node_modules/request/request.js:354:22)
41 verbose stack     at Request.emit (events.js:110:17)
41 verbose stack     at Request.<anonymous> (/usr/local/lib/node_modules/npm/node_modules/request/request.js:1207:14)
41 verbose stack     at Request.emit (events.js:129:20)
41 verbose stack     at IncomingMessage.<anonymous> (/usr/local/lib/node_modules/npm/node_modules/request/request.js:1153:12)
41 verbose stack     at IncomingMessage.emit (events.js:129:20)
41 verbose stack     at _stream_readable.js:908:16
41 verbose stack     at process._tickCallback (node.js:355:11)
42 verbose statusCode 404
43 verbose pkgid notify.watch
44 verbose cwd /Users/uralozden/Works/loreal/portal/html/_app
45 error Darwin 15.0.0
46 error argv "node" "/usr/local/bin/npm" "install" "notify.watch"
47 error node v0.12.7
48 error npm  v2.11.3
49 error code E404
50 error 404 Registry returned 404 for GET on https://registry.npmjs.org/notify.watch
50 error 404
50 error 404 'notify.watch' is not in the npm registry.
50 error 404 You should bug the author to publish it (or use the name yourself!)
50 error 404 It was specified as a dependency of 'lorealit'
50 error 404
50 error 404 Note that you can also install from a
50 error 404 tarball, folder, http url, or git url.
51 verbose exit [ 1, true ]
